# JRE version: OpenJDK Runtime Environment (8.0_242-b01) (build 1.8.0_242-release-1644-b01)
# Java VM: OpenJDK 64-Bit Server VM (25.242-b01 mixed mode windows-amd64 compressed oops)
Heap:
 PSYoungGen      total 638976K, used 18542K [0x00000000d5580000, 0x00000000ff880000, 0x0000000100000000)
  eden space 586240K, 0% used [0x00000000d5580000,0x00000000d5580000,0x00000000f9200000)
  from space 52736K, 35% used [0x00000000f9200000,0x00000000fa41b950,0x00000000fc580000)
  to   space 49664K, 0% used [0x00000000fc800000,0x00000000fc800000,0x00000000ff880000)
 ParOldGen       total 443392K, used 426435K [0x0000000080000000, 0x000000009b100000, 0x00000000d5580000)
  object space 443392K, 96% used [0x0000000080000000,0x000000009a070df0,0x000000009b100000)
 Metaspace       used 127833K, capacity 136222K, committed 141224K, reserved 1171456K
  class space    used 16312K, capacity 18006K, committed 19120K, reserved 1048576K
GC Heap History (10 events):
Event: 790.514 GC heap after
Heap after GC invocations=106 (full 7):
 PSYoungGen      total 628736K, used 11729K [0x00000000d5580000, 0x00000000ff900000, 0x0000000100000000)
  eden space 567296K, 0% used [0x00000000d5580000,0x00000000d5580000,0x00000000f7f80000)
  from space 61440K, 19% used [0x00000000f7f80000,0x00000000f8af44a8,0x00000000fbb80000)
  to   space 58880K, 0% used [0x00000000fbf80000,0x00000000fbf80000,0x00000000ff900000)
 ParOldGen       total 443392K, used 397767K [0x0000000080000000, 0x000000009b100000, 0x00000000d5580000)
  object space 443392K, 89% used [0x0000000080000000,0x0000000098471e10,0x000000009b100000)
 Metaspace       used 127261K, capacity 135510K, committed 141224K, reserved 1171456K
  class space    used 16248K, capacity 17932K, committed 19120K, reserved 1048576K
}
Event: 793.656 GC heap before
{Heap before GC invocations=107 (full 7):
 PSYoungGen      total 628736K, used 579025K [0x00000000d5580000, 0x00000000ff900000, 0x0000000100000000)
  eden space 567296K, 100% used [0x00000000d5580000,0x00000000f7f80000,0x00000000f7f80000)
  from space 61440K, 19% used [0x00000000f7f80000,0x00000000f8af44a8,0x00000000fbb80000)
  to   space 58880K, 0% used [0x00000000fbf80000,0x00000000fbf80000,0x00000000ff900000)
 ParOldGen       total 443392K, used 397767K [0x0000000080000000, 0x000000009b100000, 0x00000000d5580000)
  object space 443392K, 89% used [0x0000000080000000,0x0000000098471e10,0x000000009b100000)
 Metaspace       used 127355K, capacity 135612K, committed 141224K, reserved 1171456K
  class space    used 16261K, capacity 17939K, committed 19120K, reserved 1048576K
Event: 793.767 GC heap after
Heap after GC invocations=107 (full 7):
 PSYoungGen      total 634880K, used 9668K [0x00000000d5580000, 0x00000000ff880000, 0x0000000100000000)
  eden space 576512K, 0% used [0x00000000d5580000,0x00000000d5580000,0x00000000f8880000)
  from space 58368K, 16% used [0x00000000fbf80000,0x00000000fc8f1340,0x00000000ff880000)
  to   space 56320K, 0% used [0x00000000f8880000,0x00000000f8880000,0x00000000fbf80000)
 ParOldGen       total 443392K, used 404458K [0x0000000080000000, 0x000000009b100000, 0x00000000d5580000)
  object space 443392K, 91% used [0x0000000080000000,0x0000000098afaad0,0x000000009b100000)
 Metaspace       used 127355K, capacity 135612K, committed 141224K, reserved 1171456K
  class space    used 16261K, capacity 17939K, committed 19120K, reserved 1048576K
}
Event: 799.013 GC heap before
{Heap before GC invocations=108 (full 7):
 PSYoungGen      total 634880K, used 586180K [0x00000000d5580000, 0x00000000ff880000, 0x0000000100000000)
  eden space 576512K, 100% used [0x00000000d5580000,0x00000000f8880000,0x00000000f8880000)
  from space 58368K, 16% used [0x00000000fbf80000,0x00000000fc8f1340,0x00000000ff880000)
  to   space 56320K, 0% used [0x00000000f8880000,0x00000000f8880000,0x00000000fbf80000)
 ParOldGen       total 443392K, used 404458K [0x0000000080000000, 0x000000009b100000, 0x00000000d5580000)
  object space 443392K, 91% used [0x0000000080000000,0x0000000098afaad0,0x000000009b100000)
 Metaspace       used 127361K, capacity 135612K, committed 141224K, reserved 1171456K
  class space    used 16261K, capacity 17939K, committed 19120K, reserved 1048576K
Event: 799.049 GC heap after
Heap after GC invocations=108 (full 7):
 PSYoungGen      total 632832K, used 5284K [0x00000000d5580000, 0x00000000ffb00000, 0x0000000100000000)
  eden space 576512K, 0% used [0x00000000d5580000,0x00000000d5580000,0x00000000f8880000)
  from space 56320K, 9% used [0x00000000f8880000,0x00000000f8da9278,0x00000000fbf80000)
  to   space 54784K, 0% used [0x00000000fc580000,0x00000000fc580000,0x00000000ffb00000)
 ParOldGen       total 443392K, used 412051K [0x0000000080000000, 0x000000009b100000, 0x00000000d5580000)
  object space 443392K, 92% used [0x0000000080000000,0x0000000099264cf0,0x000000009b100000)
 Metaspace       used 127361K, capacity 135612K, committed 141224K, reserved 1171456K
  class space    used 16261K, capacity 17939K, committed 19120K, reserved 1048576K
}
Event: 804.308 GC heap before
{Heap before GC invocations=109 (full 7):
 PSYoungGen      total 632832K, used 581796K [0x00000000d5580000, 0x00000000ffb00000, 0x0000000100000000)
  eden space 576512K, 100% used [0x00000000d5580000,0x00000000f8880000,0x00000000f8880000)
  from space 56320K, 9% used [0x00000000f8880000,0x00000000f8da9278,0x00000000fbf80000)
  to   space 54784K, 0% used [0x00000000fc580000,0x00000000fc580000,0x00000000ffb00000)
 ParOldGen       total 443392K, used 412051K [0x0000000080000000, 0x000000009b100000, 0x00000000d5580000)
  object space 443392K, 92% used [0x0000000080000000,0x0000000099264cf0,0x000000009b100000)
 Metaspace       used 127795K, capacity 136150K, committed 141224K, reserved 1171456K
  class space    used 16311K, capacity 18006K, committed 19120K, reserved 1048576K
Event: 804.412 GC heap after
Heap after GC invocations=109 (full 7):
 PSYoungGen      total 640512K, used 20790K [0x00000000d5580000, 0x00000000ffa80000, 0x0000000100000000)
  eden space 586240K, 0% used [0x00000000d5580000,0x00000000d5580000,0x00000000f9200000)
  from space 54272K, 38% used [0x00000000fc580000,0x00000000fd9cd890,0x00000000ffa80000)
  to   space 52736K, 0% used [0x00000000f9200000,0x00000000f9200000,0x00000000fc580000)
 ParOldGen       total 443392K, used 415472K [0x0000000080000000, 0x000000009b100000, 0x00000000d5580000)
  object space 443392K, 93% used [0x0000000080000000,0x00000000995bc2d0,0x000000009b100000)
 Metaspace       used 127795K, capacity 136150K, committed 141224K, reserved 1171456K
  class space    used 16311K, capacity 18006K, committed 19120K, reserved 1048576K
}
Event: 807.975 GC heap before
{Heap before GC invocations=110 (full 7):
 PSYoungGen      total 640512K, used 607030K [0x00000000d5580000, 0x00000000ffa80000, 0x0000000100000000)
  eden space 586240K, 100% used [0x00000000d5580000,0x00000000f9200000,0x00000000f9200000)
  from space 54272K, 38% used [0x00000000fc580000,0x00000000fd9cd890,0x00000000ffa80000)
  to   space 52736K, 0% used [0x00000000f9200000,0x00000000f9200000,0x00000000fc580000)
 ParOldGen       total 443392K, used 415472K [0x0000000080000000, 0x000000009b100000, 0x00000000d5580000)
  object space 443392K, 93% used [0x0000000080000000,0x00000000995bc2d0,0x000000009b100000)
 Metaspace       used 127833K, capacity 136222K, committed 141224K, reserved 1171456K
  class space    used 16312K, capacity 18006K, committed 19120K, reserved 1048576K
Event: 808.114 GC heap after
Heap after GC invocations=110 (full 7):
 PSYoungGen      total 638976K, used 18542K [0x00000000d5580000, 0x00000000ff880000, 0x0000000100000000)
  eden space 586240K, 0% used [0x00000000d5580000,0x00000000d5580000,0x00000000f9200000)
  from space 52736K, 35% used [0x00000000f9200000,0x00000000fa41b950,0x00000000fc580000)
  to   space 49664K, 0% used [0x00000000fc800000,0x00000000fc800000,0x00000000ff880000)
 ParOldGen       total 443392K, used 426435K [0x0000000080000000, 0x000000009b100000, 0x00000000d5580000)
  object space 443392K, 96% used [0x0000000080000000,0x000000009a070df0,0x000000009b100000)
 Metaspace       used 127833K, capacity 136222K, committed 141224K, reserved 1171456K
  class space    used 16312K, capacity 18006K, committed 19120K, reserved 1048576K
}
Event: 808.114 GC heap before
{Heap before GC invocations=111 (full 8):
 PSYoungGen      total 638976K, used 18542K [0x00000000d5580000, 0x00000000ff880000, 0x0000000100000000)
  eden space 586240K, 0% used [0x00000000d5580000,0x00000000d5580000,0x00000000f9200000)
  from space 52736K, 35% used [0x00000000f9200000,0x00000000fa41b950,0x00000000fc580000)
  to   space 49664K, 0% used [0x00000000fc800000,0x00000000fc800000,0x00000000ff880000)
 ParOldGen       total 443392K, used 426435K [0x0000000080000000, 0x000000009b100000, 0x00000000d5580000)
  object space 443392K, 96% used [0x0000000080000000,0x000000009a070df0,0x000000009b100000)
 Metaspace       used 127833K, capacity 136222K, committed 141224K, reserved 1171456K
  class space    used 16312K, capacity 18006K, committed 19120K, reserved 1048576K

