# JRE version: OpenJDK Runtime Environment (8.0_242-b01) (build 1.8.0_242-release-1644-b01)
# Java VM: OpenJDK 64-Bit Server VM (25.242-b01 mixed mode windows-amd64 compressed oops)
Heap:
 PSYoungGen      total 605184K, used 309288K [0x00000000d5580000, 0x00000000ff900000, 0x0000000100000000)
  eden space 517120K, 52% used [0x00000000d5580000,0x00000000e610fe70,0x00000000f4e80000)
  from space 88064K, 40% used [0x00000000f4e80000,0x00000000f70fa2a8,0x00000000fa480000)
  to   space 82944K, 0% used [0x00000000fa800000,0x00000000fa800000,0x00000000ff900000)
 ParOldGen       total 257536K, used 182175K [0x0000000080000000, 0x000000008fb80000, 0x00000000d5580000)
  object space 257536K, 70% used [0x0000000080000000,0x000000008b1e7e90,0x000000008fb80000)
 Metaspace       used 117274K, capacity 124806K, committed 124968K, reserved 1157120K
  class space    used 15040K, capacity 16625K, committed 16680K, reserved 1048576K
GC Heap History (10 events):
Event: 300.009 GC heap before
{Heap before GC invocations=25 (full 4):
 PSYoungGen      total 524800K, used 515154K [0x00000000d5580000, 0x00000000fc500000, 0x0000000100000000)
  eden space 452608K, 100% used [0x00000000d5580000,0x00000000f0f80000,0x00000000f0f80000)
  from space 72192K, 86% used [0x00000000f5d80000,0x00000000f9a94a50,0x00000000fa400000)
  to   space 79872K, 0% used [0x00000000f0f80000,0x00000000f0f80000,0x00000000f5d80000)
 ParOldGen       total 257536K, used 138312K [0x0000000080000000, 0x000000008fb80000, 0x00000000d5580000)
  object space 257536K, 53% used [0x0000000080000000,0x0000000088712320,0x000000008fb80000)
 Metaspace       used 109703K, capacity 116846K, committed 116904K, reserved 1150976K
  class space    used 14212K, capacity 15726K, committed 15784K, reserved 1048576K
Event: 300.134 GC heap after
Heap after GC invocations=25 (full 4):
 PSYoungGen      total 532480K, used 65178K [0x00000000d5580000, 0x0000000100000000, 0x0000000100000000)
  eden space 452608K, 0% used [0x00000000d5580000,0x00000000d5580000,0x00000000f0f80000)
  from space 79872K, 81% used [0x00000000f0f80000,0x00000000f4f26ac8,0x00000000f5d80000)
  to   space 87040K, 0% used [0x00000000fab00000,0x00000000fab00000,0x0000000100000000)
 ParOldGen       total 257536K, used 138392K [0x0000000080000000, 0x000000008fb80000, 0x00000000d5580000)
  object space 257536K, 53% used [0x0000000080000000,0x0000000088726330,0x000000008fb80000)
 Metaspace       used 109703K, capacity 116846K, committed 116904K, reserved 1150976K
  class space    used 14212K, capacity 15726K, committed 15784K, reserved 1048576K
}
Event: 301.443 GC heap before
{Heap before GC invocations=26 (full 4):
 PSYoungGen      total 532480K, used 517786K [0x00000000d5580000, 0x0000000100000000, 0x0000000100000000)
  eden space 452608K, 100% used [0x00000000d5580000,0x00000000f0f80000,0x00000000f0f80000)
  from space 79872K, 81% used [0x00000000f0f80000,0x00000000f4f26ac8,0x00000000f5d80000)
  to   space 87040K, 0% used [0x00000000fab00000,0x00000000fab00000,0x0000000100000000)
 ParOldGen       total 257536K, used 138392K [0x0000000080000000, 0x000000008fb80000, 0x00000000d5580000)
  object space 257536K, 53% used [0x0000000080000000,0x0000000088726330,0x000000008fb80000)
 Metaspace       used 109720K, capacity 116852K, committed 117160K, reserved 1150976K
  class space    used 14212K, capacity 15727K, committed 15784K, reserved 1048576K
Event: 301.605 GC heap after
Heap after GC invocations=26 (full 4):
 PSYoungGen      total 603648K, used 61256K [0x00000000d5580000, 0x0000000100000000, 0x0000000100000000)
  eden space 516608K, 0% used [0x00000000d5580000,0x00000000d5580000,0x00000000f4e00000)
  from space 87040K, 70% used [0x00000000fab00000,0x00000000fe6d2100,0x0000000100000000)
  to   space 91136K, 0% used [0x00000000f4e00000,0x00000000f4e00000,0x00000000fa700000)
 ParOldGen       total 257536K, used 138400K [0x0000000080000000, 0x000000008fb80000, 0x00000000d5580000)
  object space 257536K, 53% used [0x0000000080000000,0x0000000088728330,0x000000008fb80000)
 Metaspace       used 109720K, capacity 116852K, committed 117160K, reserved 1150976K
  class space    used 14212K, capacity 15727K, committed 15784K, reserved 1048576K
}
Event: 312.088 GC heap before
{Heap before GC invocations=27 (full 4):
 PSYoungGen      total 603648K, used 577864K [0x00000000d5580000, 0x0000000100000000, 0x0000000100000000)
  eden space 516608K, 100% used [0x00000000d5580000,0x00000000f4e00000,0x00000000f4e00000)
  from space 87040K, 70% used [0x00000000fab00000,0x00000000fe6d2100,0x0000000100000000)
  to   space 91136K, 0% used [0x00000000f4e00000,0x00000000f4e00000,0x00000000fa700000)
 ParOldGen       total 257536K, used 138400K [0x0000000080000000, 0x000000008fb80000, 0x00000000d5580000)
  object space 257536K, 53% used [0x0000000080000000,0x0000000088728330,0x000000008fb80000)
 Metaspace       used 110161K, capacity 117282K, committed 117416K, reserved 1150976K
  class space    used 14241K, capacity 15730K, committed 15784K, reserved 1048576K
Event: 312.217 GC heap after
Heap after GC invocations=27 (full 4):
 PSYoungGen      total 607744K, used 13749K [0x00000000d5580000, 0x0000000100000000, 0x0000000100000000)
  eden space 516608K, 0% used [0x00000000d5580000,0x00000000d5580000,0x00000000f4e00000)
  from space 91136K, 15% used [0x00000000f4e00000,0x00000000f5b6d470,0x00000000fa700000)
  to   space 90624K, 0% used [0x00000000fa780000,0x00000000fa780000,0x0000000100000000)
 ParOldGen       total 257536K, used 175203K [0x0000000080000000, 0x000000008fb80000, 0x00000000d5580000)
  object space 257536K, 68% used [0x0000000080000000,0x000000008ab18d48,0x000000008fb80000)
 Metaspace       used 110161K, capacity 117282K, committed 117416K, reserved 1150976K
  class space    used 14241K, capacity 15730K, committed 15784K, reserved 1048576K
}
Event: 324.655 GC heap before
{Heap before GC invocations=28 (full 4):
 PSYoungGen      total 607744K, used 530344K [0x00000000d5580000, 0x0000000100000000, 0x0000000100000000)
  eden space 516608K, 99% used [0x00000000d5580000,0x00000000f4dfcd68,0x00000000f4e00000)
  from space 91136K, 15% used [0x00000000f4e00000,0x00000000f5b6d470,0x00000000fa700000)
  to   space 90624K, 0% used [0x00000000fa780000,0x00000000fa780000,0x0000000100000000)
 ParOldGen       total 257536K, used 175203K [0x0000000080000000, 0x000000008fb80000, 0x00000000d5580000)
  object space 257536K, 68% used [0x0000000080000000,0x000000008ab18d48,0x000000008fb80000)
 Metaspace       used 113669K, capacity 120870K, committed 121256K, reserved 1155072K
  class space    used 14603K, capacity 16177K, committed 16296K, reserved 1048576K
Event: 324.772 GC heap after
Heap after GC invocations=28 (full 4):
 PSYoungGen      total 602112K, used 44179K [0x00000000d5580000, 0x00000000ffa80000, 0x0000000100000000)
  eden space 517120K, 0% used [0x00000000d5580000,0x00000000d5580000,0x00000000f4e80000)
  from space 84992K, 51% used [0x00000000fa780000,0x00000000fd2a4cb0,0x00000000ffa80000)
  to   space 88064K, 0% used [0x00000000f4e80000,0x00000000f4e80000,0x00000000fa480000)
 ParOldGen       total 257536K, used 181175K [0x0000000080000000, 0x000000008fb80000, 0x00000000d5580000)
  object space 257536K, 70% used [0x0000000080000000,0x000000008b0ede30,0x000000008fb80000)
 Metaspace       used 113669K, capacity 120870K, committed 121256K, reserved 1155072K
  class space    used 14603K, capacity 16177K, committed 16296K, reserved 1048576K
}
Event: 357.343 GC heap before
{Heap before GC invocations=29 (full 4):
 PSYoungGen      total 602112K, used 561299K [0x00000000d5580000, 0x00000000ffa80000, 0x0000000100000000)
  eden space 517120K, 100% used [0x00000000d5580000,0x00000000f4e80000,0x00000000f4e80000)
  from space 84992K, 51% used [0x00000000fa780000,0x00000000fd2a4cb0,0x00000000ffa80000)
  to   space 88064K, 0% used [0x00000000f4e80000,0x00000000f4e80000,0x00000000fa480000)
 ParOldGen       total 257536K, used 181175K [0x0000000080000000, 0x000000008fb80000, 0x00000000d5580000)
  object space 257536K, 70% used [0x0000000080000000,0x000000008b0ede30,0x000000008fb80000)
 Metaspace       used 115929K, capacity 123266K, committed 123560K, reserved 1157120K
  class space    used 14924K, capacity 16467K, committed 16552K, reserved 1048576K
Event: 357.413 GC heap after
Heap after GC invocations=29 (full 4):
 PSYoungGen      total 605184K, used 35304K [0x00000000d5580000, 0x00000000ff900000, 0x0000000100000000)
  eden space 517120K, 0% used [0x00000000d5580000,0x00000000d5580000,0x00000000f4e80000)
  from space 88064K, 40% used [0x00000000f4e80000,0x00000000f70fa2a8,0x00000000fa480000)
  to   space 82944K, 0% used [0x00000000fa800000,0x00000000fa800000,0x00000000ff900000)
 ParOldGen       total 257536K, used 182175K [0x0000000080000000, 0x000000008fb80000, 0x00000000d5580000)
  object space 257536K, 70% used [0x0000000080000000,0x000000008b1e7e90,0x000000008fb80000)
 Metaspace       used 115929K, capacity 123266K, committed 123560K, reserved 1157120K
  class space    used 14924K, capacity 16467K, committed 16552K, reserved 1048576K
}

